{"/Volumes/Project Disk/PROJECTS/BUILDING CODEBASE/Central-Auth-API/mobile-auth-app/src/components/common/Button.tsx": {"path":"/Volumes/Project Disk/PROJECTS/BUILDING CODEBASE/Central-Auth-API/mobile-auth-app/src/components/common/Button.tsx","statementMap":{"0":{"start":{"line":32,"column":21},"end":{"line":32,"column":40}},"1":{"start":{"line":33,"column":25},"end":{"line":33,"column":72}},"2":{"start":{"line":35,"column":2},"end":{"line":53,"column":4}},"3":{"start":{"line":39,"column":30},"end":{"line":46,"column":7}},"4":{"start":{"line":56,"column":15},"end":{"line":76,"column":2}}},"fnMap":{"0":{"name":"Button","decl":{"start":{"line":23,"column":16},"end":{"line":23,"column":22}},"loc":{"start":{"line":31,"column":16},"end":{"line":54,"column":1}},"line":31},"1":{"name":"(anonymous_1)","decl":{"start":{"line":39,"column":13},"end":{"line":39,"column":14}},"loc":{"start":{"line":39,"column":30},"end":{"line":46,"column":7}},"line":39}},"branchMap":{"0":{"loc":{"start":{"line":26,"column":2},"end":{"line":26,"column":21}},"type":"default-arg","locations":[{"start":{"line":26,"column":12},"end":{"line":26,"column":21}}],"line":26},"1":{"loc":{"start":{"line":27,"column":2},"end":{"line":27,"column":17}},"type":"default-arg","locations":[{"start":{"line":27,"column":9},"end":{"line":27,"column":17}}],"line":27},"2":{"loc":{"start":{"line":28,"column":2},"end":{"line":28,"column":17}},"type":"default-arg","locations":[{"start":{"line":28,"column":12},"end":{"line":28,"column":17}}],"line":28},"3":{"loc":{"start":{"line":29,"column":2},"end":{"line":29,"column":18}},"type":"default-arg","locations":[{"start":{"line":29,"column":13},"end":{"line":29,"column":18}}],"line":29},"4":{"loc":{"start":{"line":32,"column":21},"end":{"line":32,"column":40}},"type":"binary-expr","locations":[{"start":{"line":32,"column":21},"end":{"line":32,"column":29}},{"start":{"line":32,"column":33},"end":{"line":32,"column":40}}],"line":32},"5":{"loc":{"start":{"line":33,"column":25},"end":{"line":33,"column":72}},"type":"cond-expr","locations":[{"start":{"line":33,"column":49},"end":{"line":33,"column":55}},{"start":{"line":33,"column":58},"end":{"line":33,"column":72}}],"line":33},"6":{"loc":{"start":{"line":43,"column":8},"end":{"line":43,"column":46}},"type":"binary-expr","locations":[{"start":{"line":43,"column":8},"end":{"line":43,"column":15}},{"start":{"line":43,"column":19},"end":{"line":43,"column":46}}],"line":43},"7":{"loc":{"start":{"line":44,"column":8},"end":{"line":44,"column":37}},"type":"binary-expr","locations":[{"start":{"line":44,"column":8},"end":{"line":44,"column":18}},{"start":{"line":44,"column":22},"end":{"line":44,"column":37}}],"line":44},"8":{"loc":{"start":{"line":47,"column":7},"end":{"line":51,"column":7}},"type":"cond-expr","locations":[{"start":{"line":48,"column":8},"end":{"line":48,"column":52}},{"start":{"line":50,"column":8},"end":{"line":50,"column":80}}],"line":47}},"s":{"0":10,"1":10,"2":10,"3":10,"4":3},"f":{"0":10,"1":10},"b":{"0":[7],"1":[6],"2":[6],"3":[5],"4":[10,9],"5":[7,3],"6":[10,0],"7":[10,2],"8":[1,9]},"_coverageSchema":"1a1c01bbd47fc00a2c39e90264f33305004495a9","hash":"3247fd562300680461b28ce80aaa39cb533af804"}
,"/Volumes/Project Disk/PROJECTS/BUILDING CODEBASE/Central-Auth-API/mobile-auth-app/src/components/common/SafeView.tsx": {"path":"/Volumes/Project Disk/PROJECTS/BUILDING CODEBASE/Central-Auth-API/mobile-auth-app/src/components/common/SafeView.tsx","statementMap":{"0":{"start":{"line":10,"column":2},"end":{"line":10,"column":63}}},"fnMap":{"0":{"name":"SafeView","decl":{"start":{"line":9,"column":16},"end":{"line":9,"column":24}},"loc":{"start":{"line":9,"column":61},"end":{"line":11,"column":1}},"line":9}},"branchMap":{},"s":{"0":5},"f":{"0":5},"b":{},"_coverageSchema":"1a1c01bbd47fc00a2c39e90264f33305004495a9","hash":"8f8ccdd019bdb89bd082b5d33892a71e12d04434"}
,"/Volumes/Project Disk/PROJECTS/BUILDING CODEBASE/Central-Auth-API/mobile-auth-app/src/components/scanner/QRCameraView.tsx": {"path":"/Volumes/Project Disk/PROJECTS/BUILDING CODEBASE/Central-Auth-API/mobile-auth-app/src/components/scanner/QRCameraView.tsx","statementMap":{"0":{"start":{"line":19,"column":42},"end":{"line":19,"column":64}},"1":{"start":{"line":20,"column":32},"end":{"line":20,"column":47}},"2":{"start":{"line":21,"column":32},"end":{"line":21,"column":47}},"3":{"start":{"line":23,"column":21},"end":{"line":30,"column":3}},"4":{"start":{"line":24,"column":4},"end":{"line":24,"column":25}},"5":{"start":{"line":24,"column":18},"end":{"line":24,"column":25}},"6":{"start":{"line":25,"column":4},"end":{"line":25,"column":24}},"7":{"start":{"line":25,"column":17},"end":{"line":25,"column":24}},"8":{"start":{"line":26,"column":4},"end":{"line":26,"column":21}},"9":{"start":{"line":27,"column":4},"end":{"line":27,"column":78}},"10":{"start":{"line":28,"column":4},"end":{"line":28,"column":17}},"11":{"start":{"line":29,"column":4},"end":{"line":29,"column":46}},"12":{"start":{"line":29,"column":21},"end":{"line":29,"column":38}},"13":{"start":{"line":32,"column":2},"end":{"line":42,"column":3}},"14":{"start":{"line":33,"column":4},"end":{"line":41,"column":6}},"15":{"start":{"line":44,"column":2},"end":{"line":76,"column":4}},"16":{"start":{"line":65,"column":25},"end":{"line":65,"column":46}},"17":{"start":{"line":65,"column":43},"end":{"line":65,"column":45}},"18":{"start":{"line":79,"column":15},"end":{"line":118,"column":2}}},"fnMap":{"0":{"name":"QRCameraView","decl":{"start":{"line":14,"column":16},"end":{"line":14,"column":28}},"loc":{"start":{"line":18,"column":22},"end":{"line":77,"column":1}},"line":18},"1":{"name":"(anonymous_1)","decl":{"start":{"line":23,"column":21},"end":{"line":23,"column":22}},"loc":{"start":{"line":23,"column":59},"end":{"line":30,"column":3}},"line":23},"2":{"name":"(anonymous_2)","decl":{"start":{"line":29,"column":15},"end":{"line":29,"column":16}},"loc":{"start":{"line":29,"column":21},"end":{"line":29,"column":38}},"line":29},"3":{"name":"(anonymous_3)","decl":{"start":{"line":65,"column":19},"end":{"line":65,"column":20}},"loc":{"start":{"line":65,"column":25},"end":{"line":65,"column":46}},"line":65},"4":{"name":"(anonymous_4)","decl":{"start":{"line":65,"column":36},"end":{"line":65,"column":37}},"loc":{"start":{"line":65,"column":43},"end":{"line":65,"column":45}},"line":65}},"branchMap":{"0":{"loc":{"start":{"line":24,"column":4},"end":{"line":24,"column":25}},"type":"if","locations":[{"start":{"line":24,"column":4},"end":{"line":24,"column":25}},{"start":{},"end":{}}],"line":24},"1":{"loc":{"start":{"line":25,"column":4},"end":{"line":25,"column":24}},"type":"if","locations":[{"start":{"line":25,"column":4},"end":{"line":25,"column":24}},{"start":{},"end":{}}],"line":25},"2":{"loc":{"start":{"line":32,"column":2},"end":{"line":42,"column":3}},"type":"if","locations":[{"start":{"line":32,"column":2},"end":{"line":42,"column":3}},{"start":{},"end":{}}],"line":32},"3":{"loc":{"start":{"line":51,"column":10},"end":{"line":51,"column":65}},"type":"cond-expr","locations":[{"start":{"line":51,"column":21},"end":{"line":51,"column":30}},{"start":{"line":51,"column":33},"end":{"line":51,"column":65}}],"line":51},"4":{"loc":{"start":{"line":51,"column":33},"end":{"line":51,"column":65}},"type":"cond-expr","locations":[{"start":{"line":51,"column":43},"end":{"line":51,"column":52}},{"start":{"line":51,"column":55},"end":{"line":51,"column":65}}],"line":51},"5":{"loc":{"start":{"line":63,"column":17},"end":{"line":63,"column":51}},"type":"cond-expr","locations":[{"start":{"line":63,"column":27},"end":{"line":63,"column":37}},{"start":{"line":63,"column":40},"end":{"line":63,"column":51}}],"line":63}},"s":{"0":2,"1":2,"2":2,"3":2,"4":0,"5":0,"6":0,"7":0,"8":0,"9":0,"10":0,"11":0,"12":0,"13":2,"14":2,"15":0,"16":0,"17":0,"18":1},"f":{"0":2,"1":0,"2":0,"3":0,"4":0},"b":{"0":[0,0],"1":[0,0],"2":[2,0],"3":[0,0],"4":[0,0],"5":[0,0]},"_coverageSchema":"1a1c01bbd47fc00a2c39e90264f33305004495a9","hash":"eb96f723a8ad17c60659cbaa0719327425dc8f32"}
,"/Volumes/Project Disk/PROJECTS/BUILDING CODEBASE/Central-Auth-API/mobile-auth-app/src/constants/config.ts": {"path":"/Volumes/Project Disk/PROJECTS/BUILDING CODEBASE/Central-Auth-API/mobile-auth-app/src/constants/config.ts","statementMap":{"0":{"start":{"line":1,"column":26},"end":{"line":17,"column":10}},"1":{"start":{"line":19,"column":27},"end":{"line":22,"column":10}},"2":{"start":{"line":24,"column":28},"end":{"line":29,"column":10}}},"fnMap":{},"branchMap":{"0":{"loc":{"start":{"line":2,"column":12},"end":{"line":2,"column":75}},"type":"binary-expr","locations":[{"start":{"line":2,"column":12},"end":{"line":2,"column":48}},{"start":{"line":2,"column":52},"end":{"line":2,"column":75}}],"line":2},"1":{"loc":{"start":{"line":4,"column":4},"end":{"line":4,"column":50}},"type":"binary-expr","locations":[{"start":{"line":4,"column":4},"end":{"line":4,"column":39}},{"start":{"line":4,"column":43},"end":{"line":4,"column":50}}],"line":4},"2":{"loc":{"start":{"line":9,"column":4},"end":{"line":9,"column":50}},"type":"binary-expr","locations":[{"start":{"line":9,"column":4},"end":{"line":9,"column":41}},{"start":{"line":9,"column":45},"end":{"line":9,"column":50}}],"line":9}},"s":{"0":8,"1":8,"2":8},"f":{},"b":{"0":[8,8],"1":[8,8],"2":[8,8]},"_coverageSchema":"1a1c01bbd47fc00a2c39e90264f33305004495a9","hash":"c0e26034215e8d9ba27769d054201f249f40a798"}
,"/Volumes/Project Disk/PROJECTS/BUILDING CODEBASE/Central-Auth-API/mobile-auth-app/src/constants/theme.ts": {"path":"/Volumes/Project Disk/PROJECTS/BUILDING CODEBASE/Central-Auth-API/mobile-auth-app/src/constants/theme.ts","statementMap":{"0":{"start":{"line":1,"column":22},"end":{"line":17,"column":10}},"1":{"start":{"line":19,"column":23},"end":{"line":26,"column":10}},"2":{"start":{"line":28,"column":26},"end":{"line":36,"column":10}}},"fnMap":{},"branchMap":{},"s":{"0":3,"1":3,"2":3},"f":{},"b":{},"_coverageSchema":"1a1c01bbd47fc00a2c39e90264f33305004495a9","hash":"01336fba852db4ea51b0d9fddb811e557f27eaf6"}
,"/Volumes/Project Disk/PROJECTS/BUILDING CODEBASE/Central-Auth-API/mobile-auth-app/src/services/api/auth.ts": {"path":"/Volumes/Project Disk/PROJECTS/BUILDING CODEBASE/Central-Auth-API/mobile-auth-app/src/services/api/auth.ts","statementMap":{"0":{"start":{"line":6,"column":2},"end":{"line":6,"column":59}},"1":{"start":{"line":6,"column":34},"end":{"line":6,"column":57}},"2":{"start":{"line":10,"column":2},"end":{"line":10,"column":33}},"3":{"start":{"line":14,"column":14},"end":{"line":14,"column":26}},"4":{"start":{"line":15,"column":2},"end":{"line":15,"column":25}},"5":{"start":{"line":15,"column":12},"end":{"line":15,"column":25}},"6":{"start":{"line":16,"column":2},"end":{"line":16,"column":35}},"7":{"start":{"line":16,"column":22},"end":{"line":16,"column":35}},"8":{"start":{"line":17,"column":2},"end":{"line":17,"column":37}},"9":{"start":{"line":17,"column":24},"end":{"line":17,"column":37}},"10":{"start":{"line":18,"column":2},"end":{"line":18,"column":14}},"11":{"start":{"line":22,"column":16},"end":{"line":22,"column":28}},"12":{"start":{"line":23,"column":2},"end":{"line":23,"column":27}},"13":{"start":{"line":23,"column":14},"end":{"line":23,"column":27}},"14":{"start":{"line":24,"column":2},"end":{"line":24,"column":37}},"15":{"start":{"line":24,"column":24},"end":{"line":24,"column":37}},"16":{"start":{"line":25,"column":2},"end":{"line":25,"column":39}},"17":{"start":{"line":25,"column":26},"end":{"line":25,"column":39}},"18":{"start":{"line":26,"column":2},"end":{"line":26,"column":14}},"19":{"start":{"line":30,"column":2},"end":{"line":30,"column":61}},"20":{"start":{"line":33,"column":23},"end":{"line":103,"column":1}},"21":{"start":{"line":35,"column":4},"end":{"line":37,"column":5}},"22":{"start":{"line":36,"column":6},"end":{"line":36,"column":60}},"23":{"start":{"line":39,"column":4},"end":{"line":53,"column":5}},"24":{"start":{"line":40,"column":6},"end":{"line":40,"column":44}},"25":{"start":{"line":41,"column":6},"end":{"line":43,"column":7}},"26":{"start":{"line":42,"column":8},"end":{"line":42,"column":57}},"27":{"start":{"line":44,"column":6},"end":{"line":52,"column":8}},"28":{"start":{"line":55,"column":21},"end":{"line":60,"column":5}},"29":{"start":{"line":61,"column":4},"end":{"line":61,"column":25}},"30":{"start":{"line":67,"column":4},"end":{"line":69,"column":5}},"31":{"start":{"line":68,"column":6},"end":{"line":68,"column":60}},"32":{"start":{"line":70,"column":4},"end":{"line":72,"column":5}},"33":{"start":{"line":71,"column":6},"end":{"line":71,"column":63}},"34":{"start":{"line":74,"column":4},"end":{"line":92,"column":5}},"35":{"start":{"line":75,"column":6},"end":{"line":75,"column":44}},"36":{"start":{"line":76,"column":20},"end":{"line":76,"column":41}},"37":{"start":{"line":77,"column":6},"end":{"line":79,"column":7}},"38":{"start":{"line":78,"column":8},"end":{"line":78,"column":55}},"39":{"start":{"line":80,"column":6},"end":{"line":82,"column":7}},"40":{"start":{"line":81,"column":8},"end":{"line":81,"column":60}},"41":{"start":{"line":83,"column":6},"end":{"line":85,"column":7}},"42":{"start":{"line":84,"column":8},"end":{"line":84,"column":58}},"43":{"start":{"line":86,"column":6},"end":{"line":91,"column":8}},"44":{"start":{"line":94,"column":21},"end":{"line":100,"column":5}},"45":{"start":{"line":101,"column":4},"end":{"line":101,"column":25}}},"fnMap":{"0":{"name":"sleep","decl":{"start":{"line":5,"column":9},"end":{"line":5,"column":14}},"loc":{"start":{"line":5,"column":42},"end":{"line":7,"column":1}},"line":5},"1":{"name":"(anonymous_1)","decl":{"start":{"line":6,"column":21},"end":{"line":6,"column":22}},"loc":{"start":{"line":6,"column":34},"end":{"line":6,"column":57}},"line":6},"2":{"name":"isNonEmpty","decl":{"start":{"line":9,"column":9},"end":{"line":9,"column":19}},"loc":{"start":{"line":9,"column":44},"end":{"line":11,"column":1}},"line":9},"3":{"name":"isProbablyAuthKey","decl":{"start":{"line":13,"column":9},"end":{"line":13,"column":26}},"loc":{"start":{"line":13,"column":51},"end":{"line":19,"column":1}},"line":13},"4":{"name":"isProbablyQrToken","decl":{"start":{"line":21,"column":9},"end":{"line":21,"column":26}},"loc":{"start":{"line":21,"column":51},"end":{"line":27,"column":1}},"line":21},"5":{"name":"makeMockPin","decl":{"start":{"line":29,"column":9},"end":{"line":29,"column":20}},"loc":{"start":{"line":29,"column":31},"end":{"line":31,"column":1}},"line":29},"6":{"name":"(anonymous_6)","decl":{"start":{"line":34,"column":2},"end":{"line":34,"column":3}},"loc":{"start":{"line":34,"column":67},"end":{"line":62,"column":3}},"line":34},"7":{"name":"(anonymous_7)","decl":{"start":{"line":63,"column":2},"end":{"line":63,"column":3}},"loc":{"start":{"line":66,"column":29},"end":{"line":102,"column":3}},"line":66}},"branchMap":{"0":{"loc":{"start":{"line":15,"column":2},"end":{"line":15,"column":25}},"type":"if","locations":[{"start":{"line":15,"column":2},"end":{"line":15,"column":25}},{"start":{},"end":{}}],"line":15},"1":{"loc":{"start":{"line":16,"column":2},"end":{"line":16,"column":35}},"type":"if","locations":[{"start":{"line":16,"column":2},"end":{"line":16,"column":35}},{"start":{},"end":{}}],"line":16},"2":{"loc":{"start":{"line":17,"column":2},"end":{"line":17,"column":37}},"type":"if","locations":[{"start":{"line":17,"column":2},"end":{"line":17,"column":37}},{"start":{},"end":{}}],"line":17},"3":{"loc":{"start":{"line":23,"column":2},"end":{"line":23,"column":27}},"type":"if","locations":[{"start":{"line":23,"column":2},"end":{"line":23,"column":27}},{"start":{},"end":{}}],"line":23},"4":{"loc":{"start":{"line":24,"column":2},"end":{"line":24,"column":37}},"type":"if","locations":[{"start":{"line":24,"column":2},"end":{"line":24,"column":37}},{"start":{},"end":{}}],"line":24},"5":{"loc":{"start":{"line":25,"column":2},"end":{"line":25,"column":39}},"type":"if","locations":[{"start":{"line":25,"column":2},"end":{"line":25,"column":39}},{"start":{},"end":{}}],"line":25},"6":{"loc":{"start":{"line":35,"column":4},"end":{"line":37,"column":5}},"type":"if","locations":[{"start":{"line":35,"column":4},"end":{"line":37,"column":5}},{"start":{},"end":{}}],"line":35},"7":{"loc":{"start":{"line":39,"column":4},"end":{"line":53,"column":5}},"type":"if","locations":[{"start":{"line":39,"column":4},"end":{"line":53,"column":5}},{"start":{},"end":{}}],"line":39},"8":{"loc":{"start":{"line":41,"column":6},"end":{"line":43,"column":7}},"type":"if","locations":[{"start":{"line":41,"column":6},"end":{"line":43,"column":7}},{"start":{},"end":{}}],"line":41},"9":{"loc":{"start":{"line":67,"column":4},"end":{"line":69,"column":5}},"type":"if","locations":[{"start":{"line":67,"column":4},"end":{"line":69,"column":5}},{"start":{},"end":{}}],"line":67},"10":{"loc":{"start":{"line":70,"column":4},"end":{"line":72,"column":5}},"type":"if","locations":[{"start":{"line":70,"column":4},"end":{"line":72,"column":5}},{"start":{},"end":{}}],"line":70},"11":{"loc":{"start":{"line":70,"column":8},"end":{"line":70,"column":67}},"type":"binary-expr","locations":[{"start":{"line":70,"column":8},"end":{"line":70,"column":39}},{"start":{"line":70,"column":43},"end":{"line":70,"column":67}}],"line":70},"12":{"loc":{"start":{"line":74,"column":4},"end":{"line":92,"column":5}},"type":"if","locations":[{"start":{"line":74,"column":4},"end":{"line":92,"column":5}},{"start":{},"end":{}}],"line":74},"13":{"loc":{"start":{"line":77,"column":6},"end":{"line":79,"column":7}},"type":"if","locations":[{"start":{"line":77,"column":6},"end":{"line":79,"column":7}},{"start":{},"end":{}}],"line":77},"14":{"loc":{"start":{"line":80,"column":6},"end":{"line":82,"column":7}},"type":"if","locations":[{"start":{"line":80,"column":6},"end":{"line":82,"column":7}},{"start":{},"end":{}}],"line":80},"15":{"loc":{"start":{"line":83,"column":6},"end":{"line":85,"column":7}},"type":"if","locations":[{"start":{"line":83,"column":6},"end":{"line":85,"column":7}},{"start":{},"end":{}}],"line":83}},"s":{"0":2,"1":2,"2":0,"3":3,"4":3,"5":0,"6":3,"7":0,"8":3,"9":0,"10":3,"11":0,"12":0,"13":0,"14":0,"15":0,"16":0,"17":0,"18":0,"19":0,"20":3,"21":3,"22":0,"23":3,"24":2,"25":2,"26":1,"27":1,"28":1,"29":1,"30":0,"31":0,"32":0,"33":0,"34":0,"35":0,"36":0,"37":0,"38":0,"39":0,"40":0,"41":0,"42":0,"43":0,"44":0,"45":0},"f":{"0":2,"1":2,"2":0,"3":3,"4":0,"5":0,"6":3,"7":0},"b":{"0":[0,3],"1":[0,3],"2":[0,3],"3":[0,0],"4":[0,0],"5":[0,0],"6":[0,3],"7":[2,1],"8":[1,1],"9":[0,0],"10":[0,0],"11":[0,0],"12":[0,0],"13":[0,0],"14":[0,0],"15":[0,0]},"_coverageSchema":"1a1c01bbd47fc00a2c39e90264f33305004495a9","hash":"bf8622479378ffbc07b470753c8f43c94016906a"}
,"/Volumes/Project Disk/PROJECTS/BUILDING CODEBASE/Central-Auth-API/mobile-auth-app/src/services/api/client.ts": {"path":"/Volumes/Project Disk/PROJECTS/BUILDING CODEBASE/Central-Auth-API/mobile-auth-app/src/services/api/client.ts","statementMap":{"0":{"start":{"line":4,"column":40},"end":{"line":11,"column":2}},"1":{"start":{"line":13,"column":0},"end":{"line":20,"column":3}},"2":{"start":{"line":14,"column":2},"end":{"line":18,"column":3}},"3":{"start":{"line":15,"column":4},"end":{"line":17,"column":6}},"4":{"start":{"line":19,"column":2},"end":{"line":19,"column":16}},"5":{"start":{"line":22,"column":0},"end":{"line":39,"column":2}},"6":{"start":{"line":23,"column":16},"end":{"line":23,"column":24}},"7":{"start":{"line":25,"column":4},"end":{"line":31,"column":5}},"8":{"start":{"line":27,"column":8},"end":{"line":29,"column":22}},"9":{"start":{"line":30,"column":6},"end":{"line":30,"column":56}},"10":{"start":{"line":32,"column":4},"end":{"line":36,"column":5}},"11":{"start":{"line":33,"column":6},"end":{"line":35,"column":8}},"12":{"start":{"line":37,"column":4},"end":{"line":37,"column":55}}},"fnMap":{"0":{"name":"(anonymous_0)","decl":{"start":{"line":13,"column":35},"end":{"line":13,"column":36}},"loc":{"start":{"line":13,"column":47},"end":{"line":20,"column":1}},"line":13},"1":{"name":"(anonymous_1)","decl":{"start":{"line":23,"column":2},"end":{"line":23,"column":3}},"loc":{"start":{"line":23,"column":16},"end":{"line":23,"column":24}},"line":23},"2":{"name":"(anonymous_2)","decl":{"start":{"line":24,"column":2},"end":{"line":24,"column":3}},"loc":{"start":{"line":24,"column":25},"end":{"line":38,"column":3}},"line":24}},"branchMap":{"0":{"loc":{"start":{"line":14,"column":2},"end":{"line":18,"column":3}},"type":"if","locations":[{"start":{"line":14,"column":2},"end":{"line":18,"column":3}},{"start":{},"end":{}}],"line":14},"1":{"loc":{"start":{"line":25,"column":4},"end":{"line":31,"column":5}},"type":"if","locations":[{"start":{"line":25,"column":4},"end":{"line":31,"column":5}},{"start":{},"end":{}}],"line":25},"2":{"loc":{"start":{"line":27,"column":8},"end":{"line":29,"column":22}},"type":"binary-expr","locations":[{"start":{"line":27,"column":8},"end":{"line":27,"column":44}},{"start":{"line":28,"column":8},"end":{"line":28,"column":43}},{"start":{"line":29,"column":8},"end":{"line":29,"column":22}}],"line":27},"3":{"loc":{"start":{"line":32,"column":4},"end":{"line":36,"column":5}},"type":"if","locations":[{"start":{"line":32,"column":4},"end":{"line":36,"column":5}},{"start":{},"end":{}}],"line":32}},"s":{"0":3,"1":3,"2":0,"3":0,"4":0,"5":3,"6":0,"7":0,"8":0,"9":0,"10":0,"11":0,"12":0},"f":{"0":0,"1":0,"2":0},"b":{"0":[0,0],"1":[0,0],"2":[0,0,0],"3":[0,0]},"_coverageSchema":"1a1c01bbd47fc00a2c39e90264f33305004495a9","hash":"f146ff03282c482ee44eaf5d9cd517926db88ab1"}
,"/Volumes/Project Disk/PROJECTS/BUILDING CODEBASE/Central-Auth-API/mobile-auth-app/src/services/api/system.ts": {"path":"/Volumes/Project Disk/PROJECTS/BUILDING CODEBASE/Central-Auth-API/mobile-auth-app/src/services/api/system.ts","statementMap":{"0":{"start":{"line":6,"column":2},"end":{"line":6,"column":59}},"1":{"start":{"line":6,"column":34},"end":{"line":6,"column":57}},"2":{"start":{"line":9,"column":25},"end":{"line":26,"column":1}},"3":{"start":{"line":11,"column":4},"end":{"line":19,"column":5}},"4":{"start":{"line":12,"column":6},"end":{"line":12,"column":44}},"5":{"start":{"line":13,"column":6},"end":{"line":18,"column":8}},"6":{"start":{"line":21,"column":21},"end":{"line":23,"column":5}},"7":{"start":{"line":24,"column":4},"end":{"line":24,"column":25}}},"fnMap":{"0":{"name":"sleep","decl":{"start":{"line":5,"column":9},"end":{"line":5,"column":14}},"loc":{"start":{"line":5,"column":42},"end":{"line":7,"column":1}},"line":5},"1":{"name":"(anonymous_1)","decl":{"start":{"line":6,"column":21},"end":{"line":6,"column":22}},"loc":{"start":{"line":6,"column":34},"end":{"line":6,"column":57}},"line":6},"2":{"name":"(anonymous_2)","decl":{"start":{"line":10,"column":2},"end":{"line":10,"column":3}},"loc":{"start":{"line":10,"column":51},"end":{"line":25,"column":3}},"line":10}},"branchMap":{"0":{"loc":{"start":{"line":11,"column":4},"end":{"line":19,"column":5}},"type":"if","locations":[{"start":{"line":11,"column":4},"end":{"line":19,"column":5}},{"start":{},"end":{}}],"line":11}},"s":{"0":1,"1":1,"2":2,"3":2,"4":1,"5":1,"6":1,"7":1},"f":{"0":1,"1":1,"2":2},"b":{"0":[1,1]},"_coverageSchema":"1a1c01bbd47fc00a2c39e90264f33305004495a9","hash":"0edddc29e1f7b30e480cc2766e1e22f8e2dae2c3"}
,"/Volumes/Project Disk/PROJECTS/BUILDING CODEBASE/Central-Auth-API/mobile-auth-app/src/services/storage/secureStorage.ts": {"path":"/Volumes/Project Disk/PROJECTS/BUILDING CODEBASE/Central-Auth-API/mobile-auth-app/src/services/storage/secureStorage.ts","statementMap":{"0":{"start":{"line":4,"column":2},"end":{"line":4,"column":45}},"1":{"start":{"line":8,"column":2},"end":{"line":8,"column":39}},"2":{"start":{"line":12,"column":2},"end":{"line":12,"column":41}}},"fnMap":{"0":{"name":"setSecureItem","decl":{"start":{"line":3,"column":22},"end":{"line":3,"column":35}},"loc":{"start":{"line":3,"column":79},"end":{"line":5,"column":1}},"line":3},"1":{"name":"getSecureItem","decl":{"start":{"line":7,"column":22},"end":{"line":7,"column":35}},"loc":{"start":{"line":7,"column":73},"end":{"line":9,"column":1}},"line":7},"2":{"name":"deleteSecureItem","decl":{"start":{"line":11,"column":22},"end":{"line":11,"column":38}},"loc":{"start":{"line":11,"column":67},"end":{"line":13,"column":1}},"line":11}},"branchMap":{},"s":{"0":4,"1":1,"2":1},"f":{"0":4,"1":1,"2":1},"b":{},"_coverageSchema":"1a1c01bbd47fc00a2c39e90264f33305004495a9","hash":"be79e8a4f5539215b08af2607d716326f50f3c96"}
,"/Volumes/Project Disk/PROJECTS/BUILDING CODEBASE/Central-Auth-API/mobile-auth-app/src/stores/authStore.ts": {"path":"/Volumes/Project Disk/PROJECTS/BUILDING CODEBASE/Central-Auth-API/mobile-auth-app/src/stores/authStore.ts","statementMap":{"0":{"start":{"line":22,"column":28},"end":{"line":78,"column":3}},"1":{"start":{"line":22,"column":61},"end":{"line":78,"column":1}},"2":{"start":{"line":28,"column":4},"end":{"line":28,"column":33}},"3":{"start":{"line":28,"column":26},"end":{"line":28,"column":33}},"4":{"start":{"line":29,"column":52},"end":{"line":33,"column":6}},"5":{"start":{"line":35,"column":32},"end":{"line":35,"column":36}},"6":{"start":{"line":36,"column":4},"end":{"line":42,"column":5}},"7":{"start":{"line":37,"column":6},"end":{"line":41,"column":7}},"8":{"start":{"line":38,"column":8},"end":{"line":38,"column":48}},"9":{"start":{"line":40,"column":8},"end":{"line":40,"column":20}},"10":{"start":{"line":44,"column":4},"end":{"line":49,"column":7}},"11":{"start":{"line":52,"column":4},"end":{"line":52,"column":61}},"12":{"start":{"line":53,"column":4},"end":{"line":53,"column":21}},"13":{"start":{"line":56,"column":4},"end":{"line":56,"column":18}},"14":{"start":{"line":57,"column":4},"end":{"line":61,"column":5}},"15":{"start":{"line":58,"column":6},"end":{"line":58,"column":71}},"16":{"start":{"line":60,"column":6},"end":{"line":60,"column":52}},"17":{"start":{"line":64,"column":4},"end":{"line":67,"column":6}},"18":{"start":{"line":68,"column":4},"end":{"line":68,"column":39}},"19":{"start":{"line":71,"column":4},"end":{"line":75,"column":7}},"20":{"start":{"line":76,"column":4},"end":{"line":76,"column":66}}},"fnMap":{"0":{"name":"(anonymous_0)","decl":{"start":{"line":22,"column":46},"end":{"line":22,"column":47}},"loc":{"start":{"line":22,"column":61},"end":{"line":78,"column":1}},"line":22},"1":{"name":"(anonymous_1)","decl":{"start":{"line":27,"column":11},"end":{"line":27,"column":12}},"loc":{"start":{"line":27,"column":23},"end":{"line":50,"column":3}},"line":27},"2":{"name":"(anonymous_2)","decl":{"start":{"line":51,"column":14},"end":{"line":51,"column":15}},"loc":{"start":{"line":51,"column":41},"end":{"line":54,"column":3}},"line":51},"3":{"name":"(anonymous_3)","decl":{"start":{"line":55,"column":11},"end":{"line":55,"column":12}},"loc":{"start":{"line":55,"column":38},"end":{"line":62,"column":3}},"line":55},"4":{"name":"(anonymous_4)","decl":{"start":{"line":63,"column":25},"end":{"line":63,"column":26}},"loc":{"start":{"line":63,"column":51},"end":{"line":69,"column":3}},"line":63},"5":{"name":"(anonymous_5)","decl":{"start":{"line":70,"column":9},"end":{"line":70,"column":10}},"loc":{"start":{"line":70,"column":21},"end":{"line":77,"column":3}},"line":70}},"branchMap":{"0":{"loc":{"start":{"line":28,"column":4},"end":{"line":28,"column":33}},"type":"if","locations":[{"start":{"line":28,"column":4},"end":{"line":28,"column":33}},{"start":{},"end":{}}],"line":28},"1":{"loc":{"start":{"line":36,"column":4},"end":{"line":42,"column":5}},"type":"if","locations":[{"start":{"line":36,"column":4},"end":{"line":42,"column":5}},{"start":{},"end":{}}],"line":36},"2":{"loc":{"start":{"line":45,"column":15},"end":{"line":45,"column":30}},"type":"binary-expr","locations":[{"start":{"line":45,"column":15},"end":{"line":45,"column":22}},{"start":{"line":45,"column":26},"end":{"line":45,"column":30}}],"line":45},"3":{"loc":{"start":{"line":57,"column":4},"end":{"line":61,"column":5}},"type":"if","locations":[{"start":{"line":57,"column":4},"end":{"line":61,"column":5}},{"start":{"line":59,"column":11},"end":{"line":61,"column":5}}],"line":57},"4":{"loc":{"start":{"line":66,"column":6},"end":{"line":66,"column":30}},"type":"cond-expr","locations":[{"start":{"line":66,"column":14},"end":{"line":66,"column":20}},{"start":{"line":66,"column":23},"end":{"line":66,"column":30}}],"line":66}},"s":{"0":2,"1":2,"2":1,"3":0,"4":1,"5":1,"6":1,"7":1,"8":1,"9":0,"10":1,"11":2,"12":2,"13":1,"14":1,"15":1,"16":0,"17":2,"18":2,"19":1,"20":1},"f":{"0":2,"1":1,"2":2,"3":1,"4":2,"5":1},"b":{"0":[0,1],"1":[1,0],"2":[1,0],"3":[1,0],"4":[2,0]},"_coverageSchema":"1a1c01bbd47fc00a2c39e90264f33305004495a9","hash":"eff373fe96705ab527a9a97a71b95d537ae821e4"}
,"/Volumes/Project Disk/PROJECTS/BUILDING CODEBASE/Central-Auth-API/mobile-auth-app/src/stores/scanHistoryStore.ts": {"path":"/Volumes/Project Disk/PROJECTS/BUILDING CODEBASE/Central-Auth-API/mobile-auth-app/src/stores/scanHistoryStore.ts","statementMap":{"0":{"start":{"line":22,"column":2},"end":{"line":22,"column":64}},"1":{"start":{"line":26,"column":2},"end":{"line":26,"column":39}},"2":{"start":{"line":26,"column":29},"end":{"line":26,"column":39}},"3":{"start":{"line":27,"column":2},"end":{"line":35,"column":6}},"4":{"start":{"line":28,"column":19},"end":{"line":28,"column":54}},"5":{"start":{"line":29,"column":16},"end":{"line":29,"column":37}},"6":{"start":{"line":32,"column":8},"end":{"line":34,"column":60}},"7":{"start":{"line":38,"column":35},"end":{"line":72,"column":3}},"8":{"start":{"line":38,"column":75},"end":{"line":72,"column":1}},"9":{"start":{"line":42,"column":4},"end":{"line":42,"column":33}},"10":{"start":{"line":42,"column":26},"end":{"line":42,"column":33}},"11":{"start":{"line":43,"column":17},"end":{"line":43,"column":63}},"12":{"start":{"line":44,"column":4},"end":{"line":47,"column":5}},"13":{"start":{"line":45,"column":6},"end":{"line":45,"column":45}},"14":{"start":{"line":46,"column":6},"end":{"line":46,"column":13}},"15":{"start":{"line":48,"column":4},"end":{"line":53,"column":5}},"16":{"start":{"line":49,"column":21},"end":{"line":49,"column":48}},"17":{"start":{"line":50,"column":6},"end":{"line":50,"column":67}},"18":{"start":{"line":52,"column":6},"end":{"line":52,"column":45}},"19":{"start":{"line":56,"column":35},"end":{"line":62,"column":5}},"20":{"start":{"line":63,"column":20},"end":{"line":63,"column":33}},"21":{"start":{"line":64,"column":20},"end":{"line":64,"column":51}},"22":{"start":{"line":65,"column":4},"end":{"line":65,"column":30}},"23":{"start":{"line":66,"column":4},"end":{"line":66,"column":76}},"24":{"start":{"line":69,"column":4},"end":{"line":69,"column":54}},"25":{"start":{"line":70,"column":4},"end":{"line":70,"column":25}}},"fnMap":{"0":{"name":"makeId","decl":{"start":{"line":21,"column":9},"end":{"line":21,"column":15}},"loc":{"start":{"line":21,"column":26},"end":{"line":23,"column":1}},"line":21},"1":{"name":"normalizeEntries","decl":{"start":{"line":25,"column":9},"end":{"line":25,"column":25}},"loc":{"start":{"line":25,"column":62},"end":{"line":36,"column":1}},"line":25},"2":{"name":"(anonymous_2)","decl":{"start":{"line":28,"column":12},"end":{"line":28,"column":13}},"loc":{"start":{"line":28,"column":19},"end":{"line":28,"column":54}},"line":28},"3":{"name":"(anonymous_3)","decl":{"start":{"line":29,"column":9},"end":{"line":29,"column":10}},"loc":{"start":{"line":29,"column":16},"end":{"line":29,"column":37}},"line":29},"4":{"name":"(anonymous_4)","decl":{"start":{"line":31,"column":6},"end":{"line":31,"column":7}},"loc":{"start":{"line":32,"column":8},"end":{"line":34,"column":60}},"line":32},"5":{"name":"(anonymous_5)","decl":{"start":{"line":38,"column":60},"end":{"line":38,"column":61}},"loc":{"start":{"line":38,"column":75},"end":{"line":72,"column":1}},"line":38},"6":{"name":"(anonymous_6)","decl":{"start":{"line":41,"column":11},"end":{"line":41,"column":12}},"loc":{"start":{"line":41,"column":23},"end":{"line":54,"column":3}},"line":41},"7":{"name":"(anonymous_7)","decl":{"start":{"line":55,"column":12},"end":{"line":55,"column":13}},"loc":{"start":{"line":55,"column":29},"end":{"line":67,"column":3}},"line":55},"8":{"name":"(anonymous_8)","decl":{"start":{"line":68,"column":9},"end":{"line":68,"column":10}},"loc":{"start":{"line":68,"column":21},"end":{"line":71,"column":3}},"line":68}},"branchMap":{"0":{"loc":{"start":{"line":26,"column":2},"end":{"line":26,"column":39}},"type":"if","locations":[{"start":{"line":26,"column":2},"end":{"line":26,"column":39}},{"start":{},"end":{}}],"line":26},"1":{"loc":{"start":{"line":28,"column":19},"end":{"line":28,"column":54}},"type":"binary-expr","locations":[{"start":{"line":28,"column":19},"end":{"line":28,"column":40}},{"start":{"line":28,"column":44},"end":{"line":28,"column":54}}],"line":28},"2":{"loc":{"start":{"line":32,"column":8},"end":{"line":34,"column":60}},"type":"binary-expr","locations":[{"start":{"line":32,"column":8},"end":{"line":32,"column":32}},{"start":{"line":33,"column":8},"end":{"line":33,"column":39}},{"start":{"line":34,"column":9},"end":{"line":34,"column":32}},{"start":{"line":34,"column":36},"end":{"line":34,"column":59}}],"line":32},"3":{"loc":{"start":{"line":42,"column":4},"end":{"line":42,"column":33}},"type":"if","locations":[{"start":{"line":42,"column":4},"end":{"line":42,"column":33}},{"start":{},"end":{}}],"line":42},"4":{"loc":{"start":{"line":44,"column":4},"end":{"line":47,"column":5}},"type":"if","locations":[{"start":{"line":44,"column":4},"end":{"line":47,"column":5}},{"start":{},"end":{}}],"line":44},"5":{"loc":{"start":{"line":59,"column":19},"end":{"line":59,"column":44}},"type":"binary-expr","locations":[{"start":{"line":59,"column":19},"end":{"line":59,"column":36}},{"start":{"line":59,"column":40},"end":{"line":59,"column":44}}],"line":59}},"s":{"0":1,"1":1,"2":0,"3":1,"4":1,"5":1,"6":1,"7":1,"8":1,"9":1,"10":0,"11":1,"12":1,"13":0,"14":0,"15":1,"16":1,"17":1,"18":0,"19":1,"20":1,"21":1,"22":1,"23":1,"24":1,"25":1},"f":{"0":1,"1":1,"2":1,"3":1,"4":1,"5":1,"6":1,"7":1,"8":1},"b":{"0":[0,1],"1":[1,1],"2":[1,1,1,0],"3":[0,1],"4":[0,1],"5":[1,0]},"_coverageSchema":"1a1c01bbd47fc00a2c39e90264f33305004495a9","hash":"9a513e96fa6e33c9eaf010af89afcc69e34ebf05"}
,"/Volumes/Project Disk/PROJECTS/BUILDING CODEBASE/Central-Auth-API/mobile-auth-app/src/types/api.ts": {"path":"/Volumes/Project Disk/PROJECTS/BUILDING CODEBASE/Central-Auth-API/mobile-auth-app/src/types/api.ts","statementMap":{},"fnMap":{},"branchMap":{},"s":{},"f":{},"b":{}}
,"/Volumes/Project Disk/PROJECTS/BUILDING CODEBASE/Central-Auth-API/mobile-auth-app/src/utils/errors.ts": {"path":"/Volumes/Project Disk/PROJECTS/BUILDING CODEBASE/Central-Auth-API/mobile-auth-app/src/utils/errors.ts","statementMap":{"0":{"start":{"line":1,"column":47},"end":{"line":15,"column":1}},"1":{"start":{"line":18,"column":18},"end":{"line":18,"column":30}},"2":{"start":{"line":19,"column":2},"end":{"line":19,"column":65}},"3":{"start":{"line":19,"column":16},"end":{"line":19,"column":65}},"4":{"start":{"line":20,"column":2},"end":{"line":20,"column":44}}},"fnMap":{"0":{"name":"getUserFriendlyError","decl":{"start":{"line":17,"column":16},"end":{"line":17,"column":36}},"loc":{"start":{"line":17,"column":60},"end":{"line":21,"column":1}},"line":17}},"branchMap":{"0":{"loc":{"start":{"line":19,"column":2},"end":{"line":19,"column":65}},"type":"if","locations":[{"start":{"line":19,"column":2},"end":{"line":19,"column":65}},{"start":{},"end":{}}],"line":19},"1":{"loc":{"start":{"line":20,"column":9},"end":{"line":20,"column":43}},"type":"binary-expr","locations":[{"start":{"line":20,"column":9},"end":{"line":20,"column":32}},{"start":{"line":20,"column":36},"end":{"line":20,"column":43}}],"line":20}},"s":{"0":2,"1":3,"2":3,"3":1,"4":2},"f":{"0":3},"b":{"0":[1,2],"1":[2,1]},"_coverageSchema":"1a1c01bbd47fc00a2c39e90264f33305004495a9","hash":"f96f2daf14f562414c21047faf38bc7166387356"}
,"/Volumes/Project Disk/PROJECTS/BUILDING CODEBASE/Central-Auth-API/mobile-auth-app/src/utils/formatting.ts": {"path":"/Volumes/Project Disk/PROJECTS/BUILDING CODEBASE/Central-Auth-API/mobile-auth-app/src/utils/formatting.ts","statementMap":{"0":{"start":{"line":2,"column":17},"end":{"line":2,"column":39}},"1":{"start":{"line":3,"column":2},"end":{"line":3,"column":26}},"2":{"start":{"line":3,"column":15},"end":{"line":3,"column":26}},"3":{"start":{"line":4,"column":2},"end":{"line":4,"column":16}}},"fnMap":{"0":{"name":"formatPin","decl":{"start":{"line":1,"column":16},"end":{"line":1,"column":25}},"loc":{"start":{"line":1,"column":47},"end":{"line":5,"column":1}},"line":1}},"branchMap":{"0":{"loc":{"start":{"line":3,"column":2},"end":{"line":3,"column":26}},"type":"if","locations":[{"start":{"line":3,"column":2},"end":{"line":3,"column":26}},{"start":{},"end":{}}],"line":3}},"s":{"0":3,"1":3,"2":1,"3":2},"f":{"0":3},"b":{"0":[1,2]},"_coverageSchema":"1a1c01bbd47fc00a2c39e90264f33305004495a9","hash":"a4311fc45d9b227c0f9d5d08500ff11996d58bb4"}
,"/Volumes/Project Disk/PROJECTS/BUILDING CODEBASE/Central-Auth-API/mobile-auth-app/src/utils/qr.ts": {"path":"/Volumes/Project Disk/PROJECTS/BUILDING CODEBASE/Central-Auth-API/mobile-auth-app/src/utils/qr.ts","statementMap":{"0":{"start":{"line":2,"column":14},"end":{"line":2,"column":25}},"1":{"start":{"line":3,"column":2},"end":{"line":3,"column":24}},"2":{"start":{"line":3,"column":12},"end":{"line":3,"column":24}},"3":{"start":{"line":5,"column":2},"end":{"line":10,"column":3}},"4":{"start":{"line":6,"column":18},"end":{"line":6,"column":30}},"5":{"start":{"line":7,"column":18},"end":{"line":7,"column":87}},"6":{"start":{"line":8,"column":4},"end":{"line":8,"column":28}},"7":{"start":{"line":8,"column":15},"end":{"line":8,"column":28}},"8":{"start":{"line":12,"column":2},"end":{"line":12,"column":50}},"9":{"start":{"line":12,"column":39},"end":{"line":12,"column":50}},"10":{"start":{"line":13,"column":2},"end":{"line":13,"column":14}}},"fnMap":{"0":{"name":"extractQrToken","decl":{"start":{"line":1,"column":16},"end":{"line":1,"column":30}},"loc":{"start":{"line":1,"column":60},"end":{"line":14,"column":1}},"line":1}},"branchMap":{"0":{"loc":{"start":{"line":3,"column":2},"end":{"line":3,"column":24}},"type":"if","locations":[{"start":{"line":3,"column":2},"end":{"line":3,"column":24}},{"start":{},"end":{}}],"line":3},"1":{"loc":{"start":{"line":7,"column":18},"end":{"line":7,"column":87}},"type":"binary-expr","locations":[{"start":{"line":7,"column":18},"end":{"line":7,"column":52}},{"start":{"line":7,"column":56},"end":{"line":7,"column":87}}],"line":7},"2":{"loc":{"start":{"line":8,"column":4},"end":{"line":8,"column":28}},"type":"if","locations":[{"start":{"line":8,"column":4},"end":{"line":8,"column":28}},{"start":{},"end":{}}],"line":8},"3":{"loc":{"start":{"line":12,"column":2},"end":{"line":12,"column":50}},"type":"if","locations":[{"start":{"line":12,"column":2},"end":{"line":12,"column":50}},{"start":{},"end":{}}],"line":12}},"s":{"0":4,"1":4,"2":0,"3":4,"4":4,"5":2,"6":2,"7":2,"8":2,"9":1,"10":1},"f":{"0":4},"b":{"0":[0,4],"1":[2,1],"2":[2,0],"3":[1,1]},"_coverageSchema":"1a1c01bbd47fc00a2c39e90264f33305004495a9","hash":"989791d553a93a76905f93d579355e541c34382d"}
,"/Volumes/Project Disk/PROJECTS/BUILDING CODEBASE/Central-Auth-API/mobile-auth-app/src/utils/validation.ts": {"path":"/Volumes/Project Disk/PROJECTS/BUILDING CODEBASE/Central-Auth-API/mobile-auth-app/src/utils/validation.ts","statementMap":{"0":{"start":{"line":2,"column":18},"end":{"line":2,"column":30}},"1":{"start":{"line":3,"column":2},"end":{"line":3,"column":26}},"2":{"start":{"line":3,"column":16},"end":{"line":3,"column":26}},"3":{"start":{"line":4,"column":2},"end":{"line":4,"column":37}}},"fnMap":{"0":{"name":"normalizeAuthKey","decl":{"start":{"line":1,"column":16},"end":{"line":1,"column":32}},"loc":{"start":{"line":1,"column":56},"end":{"line":5,"column":1}},"line":1}},"branchMap":{"0":{"loc":{"start":{"line":3,"column":2},"end":{"line":3,"column":26}},"type":"if","locations":[{"start":{"line":3,"column":2},"end":{"line":3,"column":26}},{"start":{},"end":{}}],"line":3}},"s":{"0":4,"1":4,"2":2,"3":2},"f":{"0":4},"b":{"0":[2,2]},"_coverageSchema":"1a1c01bbd47fc00a2c39e90264f33305004495a9","hash":"cf96c037b3a67ee896e8f2d790ceb61710a626f1"}
}
