TN:
SF:src/components/common/Button.tsx
FN:23,Button
FN:39,(anonymous_1)
FNF:2
FNH:2
FNDA:10,Button
FNDA:10,(anonymous_1)
DA:32,10
DA:33,10
DA:35,10
DA:39,10
DA:56,3
LF:5
LH:5
BRDA:26,0,0,7
BRDA:27,1,0,6
BRDA:28,2,0,6
BRDA:29,3,0,5
BRDA:32,4,0,10
BRDA:32,4,1,9
BRDA:33,5,0,7
BRDA:33,5,1,3
BRDA:43,6,0,10
BRDA:43,6,1,0
BRDA:44,7,0,10
BRDA:44,7,1,2
BRDA:47,8,0,1
BRDA:47,8,1,9
BRF:14
BRH:13
end_of_record
TN:
SF:src/components/common/SafeView.tsx
FN:9,SafeView
FNF:1
FNH:1
FNDA:5,SafeView
DA:10,5
LF:1
LH:1
BRF:0
BRH:0
end_of_record
TN:
SF:src/components/scanner/QRCameraView.tsx
FN:14,QRCameraView
FN:23,(anonymous_1)
FN:29,(anonymous_2)
FN:65,(anonymous_3)
FN:65,(anonymous_4)
FNF:5
FNH:1
FNDA:2,QRCameraView
FNDA:0,(anonymous_1)
FNDA:0,(anonymous_2)
FNDA:0,(anonymous_3)
FNDA:0,(anonymous_4)
DA:19,2
DA:20,2
DA:21,2
DA:23,2
DA:24,0
DA:25,0
DA:26,0
DA:27,0
DA:28,0
DA:29,0
DA:32,2
DA:33,2
DA:44,0
DA:65,0
DA:79,1
LF:15
LH:7
BRDA:24,0,0,0
BRDA:24,0,1,0
BRDA:25,1,0,0
BRDA:25,1,1,0
BRDA:32,2,0,2
BRDA:32,2,1,0
BRDA:51,3,0,0
BRDA:51,3,1,0
BRDA:51,4,0,0
BRDA:51,4,1,0
BRDA:63,5,0,0
BRDA:63,5,1,0
BRF:12
BRH:1
end_of_record
TN:
SF:src/constants/config.ts
FNF:0
FNH:0
DA:1,8
DA:19,8
DA:24,8
LF:3
LH:3
BRDA:2,0,0,8
BRDA:2,0,1,8
BRDA:4,1,0,8
BRDA:4,1,1,8
BRDA:9,2,0,8
BRDA:9,2,1,8
BRF:6
BRH:6
end_of_record
TN:
SF:src/constants/theme.ts
FNF:0
FNH:0
DA:1,3
DA:19,3
DA:28,3
LF:3
LH:3
BRF:0
BRH:0
end_of_record
TN:
SF:src/services/api/auth.ts
FN:5,sleep
FN:6,(anonymous_1)
FN:9,isNonEmpty
FN:13,isProbablyAuthKey
FN:21,isProbablyQrToken
FN:29,makeMockPin
FN:34,(anonymous_6)
FN:63,(anonymous_7)
FNF:8
FNH:4
FNDA:2,sleep
FNDA:2,(anonymous_1)
FNDA:0,isNonEmpty
FNDA:3,isProbablyAuthKey
FNDA:0,isProbablyQrToken
FNDA:0,makeMockPin
FNDA:3,(anonymous_6)
FNDA:0,(anonymous_7)
DA:6,2
DA:10,0
DA:14,3
DA:15,3
DA:16,3
DA:17,3
DA:18,3
DA:22,0
DA:23,0
DA:24,0
DA:25,0
DA:26,0
DA:30,0
DA:33,3
DA:35,3
DA:36,0
DA:39,3
DA:40,2
DA:41,2
DA:42,1
DA:44,1
DA:55,1
DA:61,1
DA:67,0
DA:68,0
DA:70,0
DA:71,0
DA:74,0
DA:75,0
DA:76,0
DA:77,0
DA:78,0
DA:80,0
DA:81,0
DA:83,0
DA:84,0
DA:86,0
DA:94,0
DA:101,0
LF:39
LH:15
BRDA:15,0,0,0
BRDA:15,0,1,3
BRDA:16,1,0,0
BRDA:16,1,1,3
BRDA:17,2,0,0
BRDA:17,2,1,3
BRDA:23,3,0,0
BRDA:23,3,1,0
BRDA:24,4,0,0
BRDA:24,4,1,0
BRDA:25,5,0,0
BRDA:25,5,1,0
BRDA:35,6,0,0
BRDA:35,6,1,3
BRDA:39,7,0,2
BRDA:39,7,1,1
BRDA:41,8,0,1
BRDA:41,8,1,1
BRDA:67,9,0,0
BRDA:67,9,1,0
BRDA:70,10,0,0
BRDA:70,10,1,0
BRDA:70,11,0,0
BRDA:70,11,1,0
BRDA:74,12,0,0
BRDA:74,12,1,0
BRDA:77,13,0,0
BRDA:77,13,1,0
BRDA:80,14,0,0
BRDA:80,14,1,0
BRDA:83,15,0,0
BRDA:83,15,1,0
BRF:32
BRH:8
end_of_record
TN:
SF:src/services/api/client.ts
FN:13,(anonymous_0)
FN:23,(anonymous_1)
FN:24,(anonymous_2)
FNF:3
FNH:0
FNDA:0,(anonymous_0)
FNDA:0,(anonymous_1)
FNDA:0,(anonymous_2)
DA:4,3
DA:13,3
DA:14,0
DA:15,0
DA:19,0
DA:22,3
DA:23,0
DA:25,0
DA:27,0
DA:30,0
DA:32,0
DA:33,0
DA:37,0
LF:13
LH:3
BRDA:14,0,0,0
BRDA:14,0,1,0
BRDA:25,1,0,0
BRDA:25,1,1,0
BRDA:27,2,0,0
BRDA:27,2,1,0
BRDA:27,2,2,0
BRDA:32,3,0,0
BRDA:32,3,1,0
BRF:9
BRH:0
end_of_record
TN:
SF:src/services/api/system.ts
FN:5,sleep
FN:6,(anonymous_1)
FN:10,(anonymous_2)
FNF:3
FNH:3
FNDA:1,sleep
FNDA:1,(anonymous_1)
FNDA:2,(anonymous_2)
DA:6,1
DA:9,2
DA:11,2
DA:12,1
DA:13,1
DA:21,1
DA:24,1
LF:7
LH:7
BRDA:11,0,0,1
BRDA:11,0,1,1
BRF:2
BRH:2
end_of_record
TN:
SF:src/services/storage/secureStorage.ts
FN:3,setSecureItem
FN:7,getSecureItem
FN:11,deleteSecureItem
FNF:3
FNH:3
FNDA:4,setSecureItem
FNDA:1,getSecureItem
FNDA:1,deleteSecureItem
DA:4,4
DA:8,1
DA:12,1
LF:3
LH:3
BRF:0
BRH:0
end_of_record
TN:
SF:src/stores/authStore.ts
FN:22,(anonymous_0)
FN:27,(anonymous_1)
FN:51,(anonymous_2)
FN:55,(anonymous_3)
FN:63,(anonymous_4)
FN:70,(anonymous_5)
FNF:6
FNH:6
FNDA:2,(anonymous_0)
FNDA:1,(anonymous_1)
FNDA:2,(anonymous_2)
FNDA:1,(anonymous_3)
FNDA:2,(anonymous_4)
FNDA:1,(anonymous_5)
DA:22,2
DA:28,1
DA:29,1
DA:35,1
DA:36,1
DA:37,1
DA:38,1
DA:40,0
DA:44,1
DA:52,2
DA:53,2
DA:56,1
DA:57,1
DA:58,1
DA:60,0
DA:64,2
DA:68,2
DA:71,1
DA:76,1
LF:19
LH:17
BRDA:28,0,0,0
BRDA:28,0,1,1
BRDA:36,1,0,1
BRDA:36,1,1,0
BRDA:45,2,0,1
BRDA:45,2,1,0
BRDA:57,3,0,1
BRDA:57,3,1,0
BRDA:66,4,0,2
BRDA:66,4,1,0
BRF:10
BRH:5
end_of_record
TN:
SF:src/stores/scanHistoryStore.ts
FN:21,makeId
FN:25,normalizeEntries
FN:28,(anonymous_2)
FN:29,(anonymous_3)
FN:31,(anonymous_4)
FN:38,(anonymous_5)
FN:41,(anonymous_6)
FN:55,(anonymous_7)
FN:68,(anonymous_8)
FNF:9
FNH:9
FNDA:1,makeId
FNDA:1,normalizeEntries
FNDA:1,(anonymous_2)
FNDA:1,(anonymous_3)
FNDA:1,(anonymous_4)
FNDA:1,(anonymous_5)
FNDA:1,(anonymous_6)
FNDA:1,(anonymous_7)
FNDA:1,(anonymous_8)
DA:22,1
DA:26,1
DA:27,1
DA:28,1
DA:29,1
DA:32,1
DA:38,1
DA:42,1
DA:43,1
DA:44,1
DA:45,0
DA:46,0
DA:48,1
DA:49,1
DA:50,1
DA:52,0
DA:56,1
DA:63,1
DA:64,1
DA:65,1
DA:66,1
DA:69,1
DA:70,1
LF:23
LH:20
BRDA:26,0,0,0
BRDA:26,0,1,1
BRDA:28,1,0,1
BRDA:28,1,1,1
BRDA:32,2,0,1
BRDA:32,2,1,1
BRDA:32,2,2,1
BRDA:32,2,3,0
BRDA:42,3,0,0
BRDA:42,3,1,1
BRDA:44,4,0,0
BRDA:44,4,1,1
BRDA:59,5,0,1
BRDA:59,5,1,0
BRF:14
BRH:9
end_of_record
TN:
SF:src/types/api.ts
FNF:0
FNH:0
LF:0
LH:0
BRF:0
BRH:0
end_of_record
TN:
SF:src/utils/errors.ts
FN:17,getUserFriendlyError
FNF:1
FNH:1
FNDA:3,getUserFriendlyError
DA:1,2
DA:18,3
DA:19,3
DA:20,2
LF:4
LH:4
BRDA:19,0,0,1
BRDA:19,0,1,2
BRDA:20,1,0,2
BRDA:20,1,1,1
BRF:4
BRH:4
end_of_record
TN:
SF:src/utils/formatting.ts
FN:1,formatPin
FNF:1
FNH:1
FNDA:3,formatPin
DA:2,3
DA:3,3
DA:4,2
LF:3
LH:3
BRDA:3,0,0,1
BRDA:3,0,1,2
BRF:2
BRH:2
end_of_record
TN:
SF:src/utils/qr.ts
FN:1,extractQrToken
FNF:1
FNH:1
FNDA:4,extractQrToken
DA:2,4
DA:3,4
DA:5,4
DA:6,4
DA:7,2
DA:8,2
DA:12,2
DA:13,1
LF:8
LH:8
BRDA:3,0,0,0
BRDA:3,0,1,4
BRDA:7,1,0,2
BRDA:7,1,1,1
BRDA:8,2,0,2
BRDA:8,2,1,0
BRDA:12,3,0,1
BRDA:12,3,1,1
BRF:8
BRH:6
end_of_record
TN:
SF:src/utils/validation.ts
FN:1,normalizeAuthKey
FNF:1
FNH:1
FNDA:4,normalizeAuthKey
DA:2,4
DA:3,4
DA:4,2
LF:3
LH:3
BRDA:3,0,0,2
BRDA:3,0,1,2
BRF:2
BRH:2
end_of_record
